SF:lib/features/genai_setting/bloc/genai_bloc.dart
DA:16,3
DA:17,2
DA:20,1
DA:21,4
DA:22,4
DA:25,4
DA:27,1
DA:30,2
DA:32,3
DA:35,2
DA:38,4
LF:11
LH:11
end_of_record
SF:lib/features/genai_setting/bloc/genai_state.dart
DA:4,3
DA:8,0
DA:9,0
DA:15,2
DA:17,1
DA:18,4
LF:6
LH:4
end_of_record
SF:lib/features/genai_setting/bloc/genai_event.dart
DA:4,1
DA:10,1
DA:12,0
DA:13,0
LF:4
LH:2
end_of_record
SF:lib/features/genai_setting/data/chat_content.dart
DA:9,2
DA:10,7
DA:12,1
DA:13,3
LF:4
LH:4
end_of_record
SF:lib/repository/genai_model.dart
DA:7,0
DA:10,0
DA:11,0
DA:14,0
DA:15,0
LF:5
LH:0
end_of_record
SF:lib/service_locator/service_locator.dart
DA:9,3
DA:13,1
DA:15,0
DA:16,0
DA:17,0
DA:18,0
DA:19,0
DA:20,0
DA:23,1
DA:24,2
DA:25,2
DA:29,0
DA:30,0
DA:31,0
DA:34,3
DA:36,1
DA:37,2
LF:17
LH:8
end_of_record
SF:lib/_shared/data/chat_data.dart
DA:10,0
DA:12,0
DA:14,0
DA:15,0
DA:16,0
DA:17,0
DA:19,0
DA:20,0
DA:28,0
DA:29,0
DA:30,0
DA:31,0
DA:33,0
DA:34,0
DA:35,0
DA:37,0
DA:38,0
LF:17
LH:0
end_of_record
SF:lib/_shared/widgets/chat_bubble_widget.dart
DA:13,1
DA:21,1
DA:23,1
DA:26,2
DA:28,1
DA:29,2
DA:30,1
DA:32,1
DA:33,1
DA:34,1
DA:35,1
DA:44,2
DA:46,5
DA:47,1
DA:48,1
DA:49,1
DA:51,1
DA:55,1
DA:56,1
DA:58,1
DA:59,1
DA:60,4
DA:61,1
DA:65,1
DA:66,1
DA:67,1
DA:68,1
DA:69,1
DA:70,1
DA:73,2
DA:74,0
DA:75,0
DA:76,0
DA:78,0
DA:79,0
DA:80,0
DA:81,0
DA:82,0
DA:83,0
DA:84,0
DA:85,0
DA:86,0
DA:89,0
DA:90,0
DA:91,0
DA:92,0
DA:94,0
DA:97,0
DA:103,1
DA:105,1
DA:108,1
DA:109,3
DA:116,5
DA:118,1
LF:54
LH:36
end_of_record
SF:lib/_shared/widgets/message_box_widget.dart
DA:5,2
DA:7,2
DA:8,2
DA:14,2
DA:16,4
DA:17,2
DA:20,2
DA:21,2
DA:23,2
DA:24,2
DA:26,2
DA:27,2
DA:28,2
DA:32,2
DA:33,1
DA:34,5
DA:35,2
DA:40,1
DA:41,3
DA:42,2
LF:20
LH:20
end_of_record
SF:lib/utils/bloc_extensions.dart
DA:5,1
DA:6,1
DA:7,1
DA:13,0
DA:14,0
DA:15,0
LF:6
LH:3
end_of_record
SF:lib/features/genai_setting/ui/genai_setting_screen.dart
DA:10,1
DA:12,1
DA:13,1
DA:14,1
DA:15,1
DA:16,1
DA:17,1
DA:18,2
DA:19,1
DA:21,1
DA:22,2
DA:25,1
DA:26,2
DA:27,2
DA:28,1
DA:29,1
DA:30,1
DA:33,1
DA:34,0
DA:35,0
LF:20
LH:18
end_of_record
SF:lib/features/genai_setting/ui/widgets/gen_ai_chat_bubble.dart
DA:11,1
DA:17,1
DA:19,1
DA:22,2
DA:24,1
DA:25,2
DA:26,1
DA:28,0
DA:29,0
DA:30,0
DA:31,0
DA:39,2
DA:41,5
DA:42,1
DA:43,1
DA:44,1
DA:46,1
DA:47,1
DA:48,1
DA:49,1
DA:50,1
DA:51,1
DA:54,1
DA:56,1
DA:59,1
DA:60,3
DA:67,5
DA:69,1
LF:28
LH:24
end_of_record
SF:lib/l10n/language_static.dart
DA:59,0
LF:1
LH:0
end_of_record
SF:lib/repository/database.dart
DA:11,0
DA:13,0
DA:14,0
DA:21,0
DA:25,0
DA:26,0
DA:28,0
DA:31,0
DA:33,0
DA:34,0
DA:35,0
DA:37,0
DA:38,0
DA:39,0
DA:44,0
DA:45,0
DA:46,0
DA:50,0
DA:51,0
DA:52,0
DA:54,0
DA:55,0
DA:56,0
DA:59,0
DA:62,0
DA:63,0
DA:66,0
DA:70,0
DA:71,0
DA:72,0
DA:73,0
DA:76,0
DA:77,0
DA:78,0
DA:79,0
DA:80,0
DA:81,0
DA:84,0
DA:85,0
DA:86,0
DA:87,0
DA:88,0
DA:89,0
DA:90,0
DA:91,0
DA:94,0
DA:95,0
DA:96,0
DA:97,0
DA:98,0
DA:99,0
DA:100,0
DA:105,0
DA:109,0
DA:111,0
DA:115,0
LF:56
LH:0
end_of_record
SF:lib/features/login/ui/login_screen.dart
DA:11,2
DA:13,1
DA:15,1
DA:16,0
DA:17,0
DA:18,0
DA:19,0
DA:20,0
DA:21,0
DA:22,0
DA:24,0
DA:26,0
DA:27,0
DA:32,0
DA:34,0
DA:35,0
DA:36,0
DA:42,0
DA:43,0
DA:50,1
DA:51,1
DA:52,1
DA:53,2
DA:54,0
LF:24
LH:7
end_of_record
SF:lib/_shared/bloc/user_manager/user_manager_state.dart
DA:4,0
DA:8,0
DA:9,0
DA:17,0
DA:20,0
DA:21,0
LF:6
LH:0
end_of_record
SF:lib/_shared/bloc/user_manager/user_manager_cubit.dart
DA:12,0
DA:14,0
DA:16,0
DA:17,0
DA:18,0
DA:20,0
DA:21,0
LF:7
LH:0
end_of_record
SF:lib/features/chat/bloc/chat_cubit.dart
DA:12,0
DA:17,0
DA:18,0
DA:19,0
DA:20,0
DA:23,0
DA:24,0
DA:25,0
DA:27,0
DA:30,0
DA:33,0
DA:34,0
DA:35,0
DA:37,0
DA:42,0
DA:43,0
DA:44,0
DA:45,0
DA:47,0
LF:19
LH:0
end_of_record
SF:lib/features/chat/bloc/chat_state.dart
DA:4,0
DA:8,0
DA:9,0
LF:3
LH:0
end_of_record
SF:lib/features/chat/ui/chat_screen.dart
DA:23,2
DA:25,0
DA:26,0
DA:30,0
DA:32,0
DA:33,0
DA:35,0
DA:38,0
DA:41,0
DA:42,0
DA:43,0
DA:45,0
DA:46,0
DA:47,0
DA:48,0
DA:49,0
DA:50,0
DA:51,0
DA:52,0
DA:54,0
DA:56,0
DA:57,0
DA:62,0
DA:64,0
DA:65,0
DA:69,0
DA:70,0
DA:77,0
DA:78,0
DA:81,0
DA:82,0
DA:83,0
DA:84,0
DA:85,0
DA:87,0
DA:88,0
DA:89,0
DA:90,0
DA:92,0
DA:93,0
DA:94,0
DA:95,0
DA:96,0
DA:102,0
DA:105,0
DA:108,0
DA:109,0
DA:111,0
DA:112,0
DA:121,0
DA:125,0
DA:127,0
DA:131,0
DA:132,0
DA:134,0
DA:137,0
DA:138,0
DA:139,0
DA:142,0
DA:143,0
DA:144,0
DA:149,0
DA:150,0
DA:159,0
DA:166,0
DA:167,0
DA:168,0
DA:169,0
DA:171,0
DA:172,0
DA:178,0
DA:186,0
DA:187,0
DA:188,0
DA:189,0
DA:190,0
DA:191,0
DA:192,0
DA:193,0
DA:195,0
DA:199,0
DA:202,0
DA:203,0
DA:205,0
DA:206,0
DA:207,0
DA:209,0
DA:213,0
DA:214,0
DA:215,0
DA:218,0
DA:219,0
DA:221,0
DA:224,0
DA:231,0
DA:235,0
DA:242,0
DA:243,0
DA:248,0
LF:99
LH:1
end_of_record
SF:lib/features/login/bloc/login_state.dart
DA:4,1
DA:8,0
DA:9,0
DA:13,0
DA:14,0
DA:20,0
DA:22,0
DA:23,0
DA:29,1
DA:31,0
DA:32,0
DA:36,0
DA:37,0
DA:41,0
DA:42,0
DA:48,0
DA:50,0
DA:51,0
LF:18
LH:2
end_of_record
SF:lib/features/login/bloc/login_cubit.dart
DA:17,0
DA:18,0
DA:19,0
DA:21,0
DA:30,0
DA:31,0
DA:34,0
DA:35,0
DA:36,0
DA:41,0
DA:45,0
DA:48,0
DA:50,0
DA:52,0
DA:53,0
DA:55,0
DA:56,0
DA:59,0
DA:60,0
DA:63,0
DA:67,0
DA:68,0
DA:69,0
DA:70,0
DA:73,0
DA:78,0
DA:80,0
DA:81,0
DA:82,0
DA:83,0
DA:84,0
DA:85,0
DA:89,0
DA:90,0
DA:91,0
DA:92,0
DA:93,0
DA:95,0
DA:98,0
DA:100,0
DA:101,0
LF:41
LH:0
end_of_record
SF:lib/utils/app_extensions.dart
DA:7,0
DA:9,0
DA:11,0
DA:15,0
DA:25,0
DA:29,0
LF:6
LH:0
end_of_record
SF:lib/utils/functions_alert_dialog.dart
DA:8,0
DA:9,0
DA:12,0
DA:13,0
DA:17,0
DA:18,0
DA:22,0
DA:25,0
DA:27,0
DA:41,0
DA:46,0
DA:47,0
DA:50,0
DA:60,0
DA:62,0
DA:66,0
DA:75,0
DA:78,0
DA:79,0
DA:83,0
DA:84,0
DA:88,0
DA:89,0
DA:91,0
DA:93,0
DA:95,0
DA:97,0
DA:98,0
DA:99,0
DA:107,0
DA:108,0
DA:110,0
DA:120,0
DA:121,0
DA:122,0
DA:123,0
DA:124,0
DA:125,0
DA:126,0
DA:127,0
DA:129,0
DA:132,0
DA:134,0
DA:136,0
DA:147,0
DA:148,0
DA:149,0
DA:150,0
DA:151,0
DA:152,0
DA:153,0
DA:154,0
DA:157,0
DA:159,0
DA:161,0
LF:55
LH:0
end_of_record
SF:lib/utils/locale_support.dart
DA:5,1
DA:6,1
DA:9,0
LF:3
LH:2
end_of_record
SF:lib/features/country/ui/country_screen.dart
DA:12,2
DA:16,0
DA:17,0
DA:23,0
DA:25,0
DA:26,0
DA:27,0
DA:28,0
DA:30,0
DA:33,0
DA:34,0
DA:35,0
DA:36,0
DA:37,0
DA:38,0
DA:41,0
DA:42,0
DA:44,0
DA:45,0
DA:46,0
DA:47,0
DA:48,0
DA:49,0
DA:53,0
DA:54,0
DA:55,0
DA:62,0
DA:64,0
DA:65,0
DA:66,0
DA:67,0
DA:70,0
DA:73,0
DA:74,0
DA:75,0
DA:81,0
DA:83,0
DA:84,0
DA:85,0
DA:92,0
DA:94,0
DA:95,0
DA:96,0
DA:99,0
DA:100,0
DA:101,0
DA:102,0
DA:103,0
DA:116,0
DA:117,0
DA:119,0
DA:121,0
DA:122,0
DA:123,0
DA:124,0
DA:125,0
DA:127,0
DA:128,0
DA:130,0
DA:131,0
DA:132,0
DA:133,0
DA:134,0
DA:136,0
DA:137,0
DA:141,0
DA:142,0
DA:158,0
DA:159,0
DA:161,0
DA:162,0
DA:163,0
DA:164,0
DA:165,0
DA:167,0
DA:169,0
DA:170,0
DA:171,0
DA:172,0
DA:173,0
DA:175,0
DA:176,0
DA:177,0
DA:178,0
DA:179,0
DA:180,0
DA:183,0
DA:186,0
DA:187,0
DA:188,0
DA:194,0
DA:197,0
DA:198,0
DA:199,0
DA:206,0
DA:207,0
DA:209,0
DA:219,0
LF:98
LH:1
end_of_record
SF:lib/features/country/cubit/country_state.dart
DA:4,0
DA:8,0
DA:9,0
DA:13,0
DA:16,0
DA:17,0
DA:21,0
DA:24,0
DA:25,0
LF:9
LH:0
end_of_record
SF:lib/features/country/cubit/country_cubit.dart
DA:11,0
DA:16,0
DA:17,0
DA:18,0
DA:20,0
DA:21,0
DA:22,0
DA:23,0
DA:26,0
DA:29,0
DA:30,0
DA:31,0
DA:34,0
DA:35,0
DA:36,0
DA:37,0
DA:39,0
DA:41,0
DA:42,0
DA:45,0
DA:47,0
DA:48,0
DA:49,0
DA:53,0
DA:55,0
DA:56,0
DA:61,0
DA:62,0
DA:63,0
DA:64,0
DA:67,0
DA:68,0
LF:32
LH:0
end_of_record
SF:lib/features/login/ui/widgets/sign_in_button/mobile.dart
DA:8,1
DA:9,1
DA:11,1
LF:3
LH:3
end_of_record
